This file contains any messages produced by compilers while
running configure, to aid debugging if configure makes a mistake.

It was created by OpenJDK configure jdk8, which was
generated by GNU Autoconf 2.69.  Invocation command line was

  $ /home/lvfei.lv/workspace/github/alibaba/dragonwell8/configure PRINTF=printf

## --------- ##
## Platform. ##
## --------- ##

hostname = e18h01487.et15sqa
uname -m = x86_64
uname -r = 5.10.84-004.ali5000.alios7.x86_64
uname -s = Linux
uname -v = #1 SMP Thu Apr 7 21:37:58 CST 2022

/usr/bin/uname -p = x86_64
/bin/uname -X     = unknown

/bin/arch              = x86_64
/usr/bin/arch -k       = unknown
/usr/convex/getsysinfo = unknown
/usr/bin/hostinfo      = unknown
/bin/machine           = unknown
/usr/bin/oslevel       = unknown
/bin/universe          = unknown

PATH: /home/lvfei.lv/tools/node-v16.0.0-linux-x64/bin
PATH: /home/lvfei.lv/tools/apache-ant-1.9.6/bin
PATH: /usr/local/python3.8/bin/
PATH: /home/lvfei.lv/tools/apache-maven-3.1.1/bin
PATH: /sbin
PATH: /usr/local/bin
PATH: /usr/bin
PATH: /usr/local/sbin
PATH: /usr/sbin
PATH: /usr/X11R6/bin
PATH: /home/lvfei.lv/.local/bin
PATH: /home/lvfei.lv/bin


## ----------- ##
## Core tests. ##
## ----------- ##


## ---------------- ##
## Cache variables. ##
## ---------------- ##

ac_cv_env_ALSA_CFLAGS_set=
ac_cv_env_ALSA_CFLAGS_value=
ac_cv_env_ALSA_LIBS_set=
ac_cv_env_ALSA_LIBS_value=
ac_cv_env_AR_set=
ac_cv_env_AR_value=
ac_cv_env_AS_set=
ac_cv_env_AS_value=
ac_cv_env_AWK_set=
ac_cv_env_AWK_value=
ac_cv_env_BASENAME_set=
ac_cv_env_BASENAME_value=
ac_cv_env_BASH_set=set
ac_cv_env_BASH_value=/usr/bin/bash
ac_cv_env_BUILD_CC_set=
ac_cv_env_BUILD_CC_value=
ac_cv_env_BUILD_CXX_set=
ac_cv_env_BUILD_CXX_value=
ac_cv_env_BUILD_LD_set=
ac_cv_env_BUILD_LD_value=
ac_cv_env_CAT_set=
ac_cv_env_CAT_value=
ac_cv_env_CCACHE_set=
ac_cv_env_CCACHE_value=
ac_cv_env_CCC_set=
ac_cv_env_CCC_value=
ac_cv_env_CC_set=
ac_cv_env_CC_value=
ac_cv_env_CFLAGS_set=
ac_cv_env_CFLAGS_value=
ac_cv_env_CHMOD_set=
ac_cv_env_CHMOD_value=
ac_cv_env_CMP_set=
ac_cv_env_CMP_value=
ac_cv_env_CODESIGN_set=
ac_cv_env_CODESIGN_value=
ac_cv_env_COMM_set=
ac_cv_env_COMM_value=
ac_cv_env_CPIO_set=
ac_cv_env_CPIO_value=
ac_cv_env_CPPFLAGS_set=
ac_cv_env_CPPFLAGS_value=
ac_cv_env_CPP_set=
ac_cv_env_CPP_value=
ac_cv_env_CP_set=
ac_cv_env_CP_value=
ac_cv_env_CUT_set=
ac_cv_env_CUT_value=
ac_cv_env_CXXCPP_set=
ac_cv_env_CXXCPP_value=
ac_cv_env_CXXFLAGS_set=
ac_cv_env_CXXFLAGS_value=
ac_cv_env_CXX_set=
ac_cv_env_CXX_value=
ac_cv_env_CYGPATH_set=
ac_cv_env_CYGPATH_value=
ac_cv_env_DATE_set=
ac_cv_env_DATE_value=
ac_cv_env_DF_set=
ac_cv_env_DF_value=
ac_cv_env_DIFF_set=
ac_cv_env_DIFF_value=
ac_cv_env_DIRNAME_set=
ac_cv_env_DIRNAME_value=
ac_cv_env_DSYMUTIL_set=
ac_cv_env_DSYMUTIL_value=
ac_cv_env_ECHO_set=
ac_cv_env_ECHO_value=
ac_cv_env_EGREP_set=
ac_cv_env_EGREP_value=
ac_cv_env_EXPR_set=
ac_cv_env_EXPR_value=
ac_cv_env_FGREP_set=
ac_cv_env_FGREP_value=
ac_cv_env_FILE_set=
ac_cv_env_FILE_value=
ac_cv_env_FIND_set=
ac_cv_env_FIND_value=
ac_cv_env_FREETYPE_CFLAGS_set=
ac_cv_env_FREETYPE_CFLAGS_value=
ac_cv_env_FREETYPE_LIBS_set=
ac_cv_env_FREETYPE_LIBS_value=
ac_cv_env_GIT_set=
ac_cv_env_GIT_value=
ac_cv_env_GNM_set=
ac_cv_env_GNM_value=
ac_cv_env_GREP_set=
ac_cv_env_GREP_value=
ac_cv_env_HEAD_set=
ac_cv_env_HEAD_value=
ac_cv_env_HG_set=
ac_cv_env_HG_value=
ac_cv_env_JTREGEXE_set=
ac_cv_env_JTREGEXE_value=
ac_cv_env_LDD_set=
ac_cv_env_LDD_value=
ac_cv_env_LDFLAGS_set=
ac_cv_env_LDFLAGS_value=
ac_cv_env_LIBFFI_CFLAGS_set=
ac_cv_env_LIBFFI_CFLAGS_value=
ac_cv_env_LIBFFI_LIBS_set=
ac_cv_env_LIBFFI_LIBS_value=
ac_cv_env_LIBS_set=
ac_cv_env_LIBS_value=
ac_cv_env_LIPO_set=
ac_cv_env_LIPO_value=
ac_cv_env_LN_set=
ac_cv_env_LN_value=
ac_cv_env_LS_set=
ac_cv_env_LS_value=
ac_cv_env_MCS_set=
ac_cv_env_MCS_value=
ac_cv_env_MKDIR_set=
ac_cv_env_MKDIR_value=
ac_cv_env_MKTEMP_set=
ac_cv_env_MKTEMP_value=
ac_cv_env_MV_set=
ac_cv_env_MV_value=
ac_cv_env_NAWK_set=
ac_cv_env_NAWK_value=
ac_cv_env_NM_set=
ac_cv_env_NM_value=
ac_cv_env_OBJCFLAGS_set=
ac_cv_env_OBJCFLAGS_value=
ac_cv_env_OBJCOPY_set=
ac_cv_env_OBJCOPY_value=
ac_cv_env_OBJC_set=
ac_cv_env_OBJC_value=
ac_cv_env_OBJDUMP_set=
ac_cv_env_OBJDUMP_value=
ac_cv_env_PKG_CONFIG_set=
ac_cv_env_PKG_CONFIG_value=
ac_cv_env_PRINTF_set=set
ac_cv_env_PRINTF_value=printf
ac_cv_env_READELF_set=
ac_cv_env_READELF_value=
ac_cv_env_READLINK_set=
ac_cv_env_READLINK_value=
ac_cv_env_RM_set=
ac_cv_env_RM_value=
ac_cv_env_SED_set=
ac_cv_env_SED_value=
ac_cv_env_SETFILE_set=
ac_cv_env_SETFILE_value=
ac_cv_env_SH_set=
ac_cv_env_SH_value=
ac_cv_env_SORT_set=
ac_cv_env_SORT_value=
ac_cv_env_STAT_set=
ac_cv_env_STAT_value=
ac_cv_env_STRIP_set=
ac_cv_env_STRIP_value=
ac_cv_env_TAIL_set=
ac_cv_env_TAIL_value=
ac_cv_env_TAR_set=
ac_cv_env_TAR_value=
ac_cv_env_TEE_set=
ac_cv_env_TEE_value=
ac_cv_env_TIME_set=
ac_cv_env_TIME_value=
ac_cv_env_TOUCH_set=
ac_cv_env_TOUCH_value=
ac_cv_env_TR_set=
ac_cv_env_TR_value=
ac_cv_env_UNAME_set=
ac_cv_env_UNAME_value=
ac_cv_env_UNIQ_set=
ac_cv_env_UNIQ_value=
ac_cv_env_UNZIP_set=
ac_cv_env_UNZIP_value=
ac_cv_env_WC_set=
ac_cv_env_WC_value=
ac_cv_env_WHICH_set=
ac_cv_env_WHICH_value=
ac_cv_env_XARGS_set=
ac_cv_env_XARGS_value=
ac_cv_env_XATTR_set=
ac_cv_env_XATTR_value=
ac_cv_env_XMKMF_set=
ac_cv_env_XMKMF_value=
ac_cv_env_ZIP_set=
ac_cv_env_ZIP_value=
ac_cv_env_build_alias_set=
ac_cv_env_build_alias_value=
ac_cv_env_host_alias_set=
ac_cv_env_host_alias_value=
ac_cv_env_target_alias_set=
ac_cv_env_target_alias_value=

## ----------------- ##
## Output variables. ##
## ----------------- ##

ADD_SRC_ROOT=''
ALSA_CFLAGS=''
ALSA_LIBS=''
AR=''
ARFLAGS=''
AR_OUT_OPTION=''
AS=''
ASFLAGS_DEBUG_SYMBOLS=''
AWK=''
BASENAME=''
BASH='/usr/bin/bash'
BDEPS_FTP=''
BDEPS_UNZIP=''
BOOT_JDK=''
BOOT_JDK_BITS=''
BOOT_JDK_SOURCETARGET=''
BOOT_RTJAR=''
BOOT_TOOLSJAR=''
BUILD_CC=''
BUILD_CXX=''
BUILD_HEADLESS=''
BUILD_HOTSPOT=''
BUILD_LD=''
BUILD_LOG=''
BUILD_LOG_PREVIOUS=''
BUILD_LOG_WRAPPER=''
BUILD_OUTPUT=''
BUILD_VARIANT_RELEASE=''
CACERTS_FILE=''
CAT=''
CC=''
CCACHE=''
CC_OUT_OPTION=''
CC_VERSION_NUMBER=''
CFLAGS=''
CFLAGS_DEBUG_SYMBOLS=''
CFLAGS_JDKEXE=''
CFLAGS_JDKLIB=''
CHECK_GMAKE=''
CHECK_MAKE=''
CHECK_TOOLSDIR_GMAKE=''
CHECK_TOOLSDIR_MAKE=''
CHMOD=''
CMP=''
CODESIGN=''
COMM=''
COMPANY_NAME=''
COMPILER_SUPPORTS_TARGET_BITS_FLAG=''
COMPILER_TARGET_BITS_FLAG=''
COMPILE_TYPE=''
COMPRESS_JARS=''
CONFIGURE_COMMAND_LINE='-h'
CONF_NAME=''
COOKED_BUILD_NUMBER=''
COOKED_JDK_UPDATE_VERSION=''
COPYRIGHT_YEAR=''
CORBA_TOPDIR=''
CP=''
CPIO=''
CPP=''
CPPFLAGS=''
CUPS_CFLAGS=''
CUSTOM_MAKE_DIR=''
CUT=''
CXX=''
CXXCPP=''
CXXFLAGS=''
CXXFLAGS_DEBUG_SYMBOLS=''
CXXFLAGS_JDKEXE=''
CXXFLAGS_JDKLIB=''
CXXSTD_CXXFLAG=''
CXX_FLAG_DEPS=''
CXX_FLAG_REORDER=''
CXX_O_FLAG_HI=''
CXX_O_FLAG_HIGHEST=''
CXX_O_FLAG_NONE=''
CXX_O_FLAG_NORM=''
CXX_VERSION_NUMBER=''
CYGPATH=''
CYGWIN_LINK=''
C_FLAG_DEPS=''
C_FLAG_REORDER=''
C_O_FLAG_HI=''
C_O_FLAG_HIGHEST=''
C_O_FLAG_NONE=''
C_O_FLAG_NORM=''
DATE=''
DATE_WHEN_CONFIGURED=''
DEBUG_BINARIES=''
DEBUG_CLASSFILES=''
DEBUG_LEVEL=''
DEFINE_CROSS_COMPILE_ARCH=''
DEFS=''
DEVKIT_LIB_DIR=''
DF=''
DIFF=''
DIRNAME=''
DSYMUTIL=''
DUMPBIN=''
ECHO=''
ECHO_C=''
ECHO_N='-n'
ECHO_T=''
EGREP=''
ENABLE_DEBUG_SYMBOLS=''
ENABLE_INTREE_EC=''
ENABLE_JFR=''
ENABLE_SJAVAC=''
EXEEXT=''
EXE_OUT_OPTION=''
EXE_SUFFIX=''
EXPR=''
FASTDEBUG=''
FDLIBM_CFLAGS=''
FGREP=''
FILE=''
FIND=''
FIND_DELETE=''
FIXPATH=''
FONTCONFIG_CFLAGS=''
FREETYPE_BUNDLE_LIB_PATH=''
FREETYPE_CFLAGS=''
FREETYPE_LIBS=''
GIT=''
GNM=''
GREP=''
HEAD=''
HG=''
HOTSPOT_CXX=''
HOTSPOT_DIST=''
HOTSPOT_LD=''
HOTSPOT_MAKE_ARGS=''
HOTSPOT_MT=''
HOTSPOT_RC=''
HOTSPOT_TOPDIR=''
INCLUDE_SA=''
IS_GNU_TIME=''
JAVAC_CHECK=''
JAVAC_FLAGS=''
JAVA_CHECK=''
JAVA_FLAGS=''
JAVA_FLAGS_BIG=''
JAVA_FLAGS_SMALL=''
JAXP_TOPDIR=''
JAXWS_TOPDIR=''
JDK_BUILD_NUMBER=''
JDK_MAJOR_VERSION=''
JDK_MICRO_VERSION=''
JDK_MINOR_VERSION=''
JDK_RC_PLATFORM_NAME=''
JDK_TOPDIR=''
JDK_UPDATE_VERSION=''
JDK_VARIANT=''
JDK_VERSION=''
JOBS=''
JTREGEXE=''
JT_HOME=''
JVM_INTERPRETER=''
JVM_VARIANTS=''
JVM_VARIANT_CLIENT=''
JVM_VARIANT_CORE=''
JVM_VARIANT_KERNEL=''
JVM_VARIANT_MINIMAL1=''
JVM_VARIANT_SERVER=''
JVM_VARIANT_ZERO=''
JVM_VARIANT_ZEROSHARK=''
LANGTOOLS_TOPDIR=''
LAUNCHER_NAME=''
LD=''
LDCXX=''
LDD=''
LDEXE=''
LDEXECXX=''
LDFLAGS=''
LDFLAGS_CXX_JDK=''
LDFLAGS_JDKEXE=''
LDFLAGS_JDKEXE_SUFFIX=''
LDFLAGS_JDKLIB=''
LDFLAGS_JDKLIB_SUFFIX=''
LD_OUT_OPTION=''
LEGACY_EXTRA_ASFLAGS=''
LEGACY_EXTRA_CFLAGS=''
LEGACY_EXTRA_CXXFLAGS=''
LEGACY_EXTRA_LDFLAGS=''
LIBCXX=''
LIBDL=''
LIBFFI_CFLAGS=''
LIBFFI_LIBS=''
LIBM=''
LIBOBJS=''
LIBRARY_PREFIX=''
LIBS=''
LIBZIP_CAN_USE_MMAP=''
LIPO=''
LLVM_CFLAGS=''
LLVM_CONFIG=''
LLVM_LDFLAGS=''
LLVM_LIBS=''
LN=''
LP64=''
LS=''
LTLIBOBJS=''
MACOSX_BUNDLE_ID_BASE=''
MACOSX_BUNDLE_NAME_BASE=''
MACOSX_UNIVERSAL=''
MACOSX_VERSION_MIN=''
MAKE=''
MCS=''
MEMORY_SIZE=''
MILESTONE=''
MKDIR=''
MKTEMP=''
MSBUILD=''
MSVCP_DLL=''
MSVCR_DLL=''
MT=''
MV=''
NASHORN_TOPDIR=''
NAWK=''
NM=''
NO_DELETE_NULL_POINTER_CHECKS_CFLAG=''
NO_LIFETIME_DSE_CFLAG=''
NUM_CORES=''
OBJC=''
OBJCFLAGS=''
OBJCOPY=''
OBJDUMP=''
OBJEXT=''
OBJ_SUFFIX=''
OPENJDK_BUILD_AUTOCONF_NAME=''
OPENJDK_BUILD_CPU=''
OPENJDK_BUILD_CPU_ARCH=''
OPENJDK_BUILD_CPU_BITS=''
OPENJDK_BUILD_CPU_ENDIAN=''
OPENJDK_BUILD_OS=''
OPENJDK_BUILD_OS_API=''
OPENJDK_BUILD_OS_ENV=''
OPENJDK_TARGET_AUTOCONF_NAME=''
OPENJDK_TARGET_CPU=''
OPENJDK_TARGET_CPU_ARCH=''
OPENJDK_TARGET_CPU_BITS=''
OPENJDK_TARGET_CPU_ENDIAN=''
OPENJDK_TARGET_CPU_ISADIR=''
OPENJDK_TARGET_CPU_JLI_CFLAGS=''
OPENJDK_TARGET_CPU_LEGACY=''
OPENJDK_TARGET_CPU_LEGACY_LIB=''
OPENJDK_TARGET_CPU_LIBDIR=''
OPENJDK_TARGET_CPU_OSARCH=''
OPENJDK_TARGET_OS=''
OPENJDK_TARGET_OS_API=''
OPENJDK_TARGET_OS_API_DIR=''
OPENJDK_TARGET_OS_ENV=''
OPENJDK_TARGET_OS_EXPORT_DIR=''
OS_VERSION_MAJOR=''
OS_VERSION_MICRO=''
OS_VERSION_MINOR=''
OTOOL=''
OUTPUT_ROOT=''
OVERRIDE_SRC_ROOT=''
PACKAGE_BUGREPORT='build-dev@openjdk.java.net'
PACKAGE_NAME='OpenJDK'
PACKAGE_PATH=''
PACKAGE_STRING='OpenJDK jdk8'
PACKAGE_TARNAME='openjdk'
PACKAGE_URL='http://openjdk.java.net'
PACKAGE_VERSION='jdk8'
PATH_SEP=''
PATH_SEPARATOR=':'
PKGHANDLER=''
PKG_CONFIG=''
POST_MCS_CMD=''
POST_STRIP_CMD=''
POTENTIAL_CC=''
POTENTIAL_CXX=''
PRINTF='printf'
PRODUCT_NAME=''
PRODUCT_SUFFIX=''
PROPER_COMPILER_CC=''
PROPER_COMPILER_CXX=''
RC=''
RC_FLAGS=''
READELF=''
READLINK=''
REQUIRED_OS_NAME=''
REQUIRED_OS_VERSION=''
RM=''
SALIB_NAME=''
SDKPATH=''
SED=''
SETFILE=''
SET_DEVELOPER_DIR=''
SET_EXECUTABLE_ORIGIN=''
SET_OPENJDK=''
SET_SHARED_LIBRARY_MAPFILE=''
SET_SHARED_LIBRARY_NAME=''
SET_SHARED_LIBRARY_ORIGIN=''
SH=''
SHARED_LIBRARY=''
SHARED_LIBRARY_FLAGS=''
SHARED_LIBRARY_SUFFIX=''
SHELL='/usr/bin/bash'
SJAVAC_SERVER_DIR=''
SJAVAC_SERVER_JAVA=''
SORT=''
SPEC=''
STAT=''
STATIC_CXX_SETTING=''
STATIC_LIBRARY=''
STATIC_LIBRARY_SUFFIX=''
STRIP=''
STRIP_POLICY=''
SUPPORT_HEADFUL=''
SUPPORT_HEADLESS=''
SYSROOT_CFLAGS=''
SYSROOT_LDFLAGS=''
TAIL=''
TAR=''
TEE=''
TEST_IN_BUILD=''
TIME=''
TOOLCHAIN_PATH_CC=''
TOOLCHAIN_PATH_CXX=''
TOOLCHAIN_TYPE=''
TOPDIR='/home/lvfei.lv/workspace/github/alibaba/dragonwell8'
TOUCH=''
TR=''
UCRT_DLL_DIR=''
UNAME=''
UNIQ=''
UNLIMITED_CRYPTO=''
UNZIP=''
USER_RELEASE_SUFFIX=''
USE_CLANG=''
USE_EXTERNAL_LIBGIF=''
USE_EXTERNAL_LIBJPEG=''
USE_EXTERNAL_LIBZ=''
USE_FORMAT_OVERFLOW=''
USE_PRECOMPILED_HEADER=''
USING_BROKEN_SUSE_LD=''
VARIANT=''
VENDOR_URL=''
VENDOR_URL_BUG=''
VENDOR_URL_VM_BUG=''
VS_INCLUDE=''
VS_LIB=''
VS_PATH=''
WC=''
WHICH=''
XARGS=''
XATTR=''
XCODEBUILD=''
XMKMF=''
X_CFLAGS=''
X_EXTRA_LIBS=''
X_LIBS=''
X_PRE_LIBS=''
ZERO_ARCHDEF=''
ZERO_ARCHFLAG=''
ZIP=''
ZIP_DEBUGINFO_FILES=''
ac_ct_AR=''
ac_ct_CC=''
ac_ct_CXX=''
ac_ct_NM=''
ac_ct_OBJC=''
ac_ct_OBJCOPY=''
ac_ct_OBJDUMP=''
ac_ct_PROPER_COMPILER_CC=''
ac_ct_PROPER_COMPILER_CXX=''
ac_ct_STRIP=''
bindir='${exec_prefix}/bin'
build=''
build_alias=''
build_cpu=''
build_os=''
build_vendor=''
datadir='${datarootdir}'
datarootdir='${prefix}/share'
docdir='${datarootdir}/doc/${PACKAGE_TARNAME}'
dvidir='${docdir}'
exec_prefix='NONE'
host=''
host_alias=''
host_cpu=''
host_os=''
host_vendor=''
htmldir='${docdir}'
includedir='${prefix}/include'
infodir='${datarootdir}/info'
libdir='${exec_prefix}/lib'
libexecdir='${exec_prefix}/libexec'
localedir='${datarootdir}/locale'
localstatedir='${prefix}/var'
mandir='${datarootdir}/man'
oldincludedir='/usr/include'
pdfdir='${docdir}'
prefix='NONE'
program_transform_name='s,x,x,'
psdir='${docdir}'
runstatedir='${localstatedir}/run'
sbindir='${exec_prefix}/sbin'
sharedstatedir='${prefix}/com'
sysconfdir='${prefix}/etc'
target=''
target_alias=''
target_cpu=''
target_os=''
target_vendor=''

## ----------- ##
## confdefs.h. ##
## ----------- ##

/* confdefs.h */
#define PACKAGE_NAME "OpenJDK"
#define PACKAGE_TARNAME "openjdk"
#define PACKAGE_VERSION "jdk8"
#define PACKAGE_STRING "OpenJDK jdk8"
#define PACKAGE_BUGREPORT "build-dev@openjdk.java.net"
#define PACKAGE_URL "http://openjdk.java.net"

configure: exit 0
